Determining if the pthread_create exist failed with the following output:
Change Dir: /home/turtlebot/catkin_ws/src/REEF_estimator_bundle/vicon_to_velocity/cmake-build-debug/CMakeFiles/CMakeTmp

Run Build Command(s):/usr/bin/make cmTC_18f02/fast 
/usr/bin/make -f CMakeFiles/cmTC_18f02.dir/build.make CMakeFiles/cmTC_18f02.dir/build
make[1]: Entering directory '/home/turtlebot/catkin_ws/src/REEF_estimator_bundle/vicon_to_velocity/cmake-build-debug/CMakeFiles/CMakeTmp'
Building C object CMakeFiles/cmTC_18f02.dir/CheckSymbolExists.c.o
/usr/bin/cc    -o CMakeFiles/cmTC_18f02.dir/CheckSymbolExists.c.o   -c /home/turtlebot/catkin_ws/src/REEF_estimator_bundle/vicon_to_velocity/cmake-build-debug/CMakeFiles/CMakeTmp/CheckSymbolExists.c
Linking C executable cmTC_18f02
/home/turtlebot/clion-2019.1.3/bin/cmake/linux/bin/cmake -E cmake_link_script CMakeFiles/cmTC_18f02.dir/link.txt --verbose=1
/usr/bin/cc      -rdynamic CMakeFiles/cmTC_18f02.dir/CheckSymbolExists.c.o  -o cmTC_18f02 
CMakeFiles/cmTC_18f02.dir/CheckSymbolExists.c.o: In function `main':
CheckSymbolExists.c:(.text+0x16): undefined reference to `pthread_create'
collect2: error: ld returned 1 exit status
CMakeFiles/cmTC_18f02.dir/build.make:86: recipe for target 'cmTC_18f02' failed
make[1]: *** [cmTC_18f02] Error 1
make[1]: Leaving directory '/home/turtlebot/catkin_ws/src/REEF_estimator_bundle/vicon_to_velocity/cmake-build-debug/CMakeFiles/CMakeTmp'
Makefile:121: recipe for target 'cmTC_18f02/fast' failed
make: *** [cmTC_18f02/fast] Error 2

File /home/turtlebot/catkin_ws/src/REEF_estimator_bundle/vicon_to_velocity/cmake-build-debug/CMakeFiles/CMakeTmp/CheckSymbolExists.c:
/* */
#include <pthread.h>

int main(int argc, char** argv)
{
  (void)argv;
#ifndef pthread_create
  return ((int*)(&pthread_create))[argc];
#else
  (void)argc;
  return 0;
#endif
}

Determining if the function pthread_create exists in the pthreads failed with the following output:
Change Dir: /home/turtlebot/catkin_ws/src/REEF_estimator_bundle/vicon_to_velocity/cmake-build-debug/CMakeFiles/CMakeTmp

Run Build Command(s):/usr/bin/make cmTC_f9c75/fast 
/usr/bin/make -f CMakeFiles/cmTC_f9c75.dir/build.make CMakeFiles/cmTC_f9c75.dir/build
make[1]: Entering directory '/home/turtlebot/catkin_ws/src/REEF_estimator_bundle/vicon_to_velocity/cmake-build-debug/CMakeFiles/CMakeTmp'
Building C object CMakeFiles/cmTC_f9c75.dir/CheckFunctionExists.c.o
/usr/bin/cc   -DCHECK_FUNCTION_EXISTS=pthread_create   -o CMakeFiles/cmTC_f9c75.dir/CheckFunctionExists.c.o   -c /home/turtlebot/clion-2019.1.3/bin/cmake/linux/share/cmake-3.14/Modules/CheckFunctionExists.c
Linking C executable cmTC_f9c75
/home/turtlebot/clion-2019.1.3/bin/cmake/linux/bin/cmake -E cmake_link_script CMakeFiles/cmTC_f9c75.dir/link.txt --verbose=1
/usr/bin/cc  -DCHECK_FUNCTION_EXISTS=pthread_create    -rdynamic CMakeFiles/cmTC_f9c75.dir/CheckFunctionExists.c.o  -o cmTC_f9c75 -lpthreads 
/usr/bin/ld: cannot find -lpthreads
collect2: error: ld returned 1 exit status
CMakeFiles/cmTC_f9c75.dir/build.make:86: recipe for target 'cmTC_f9c75' failed
make[1]: *** [cmTC_f9c75] Error 1
make[1]: Leaving directory '/home/turtlebot/catkin_ws/src/REEF_estimator_bundle/vicon_to_velocity/cmake-build-debug/CMakeFiles/CMakeTmp'
Makefile:121: recipe for target 'cmTC_f9c75/fast' failed
make: *** [cmTC_f9c75/fast] Error 2


